2025-10-02 12:58:17,236 - INFO - Default logo loaded: logo.png
2025-10-02 12:58:17,237 - DEBUG - Initializing CRMDataVisualizer
2025-10-02 12:58:17,331 - DEBUG - Loading data from crm_database.db
2025-10-02 12:58:18,962 - DEBUG - Loaded 148435 records from crm_database.db
2025-10-02 12:58:19,337 - INFO - Loaded 147510 records after normalization and filtering
2025-10-02 12:58:19,461 - DEBUG - Devices: ['1404 mass', '1404 oes 4ac', '1404 oes fire']
2025-10-02 12:58:19,461 - DEBUG - Elements: ['Ag', 'Al', 'As', 'Au', 'B', 'Ba', 'Be', 'Bi', 'Ca', 'Cd', 'Ce', 'Co', 'Cr', 'Cs', 'Cu', 'Dy', 'Er', 'Eu', 'Fe', 'Ga', 'Gd', 'Ge', 'Hf', 'Ho', 'In', 'K', 'La', 'Li', 'Lu', 'Mg', 'Mn', 'Mo', 'Na', 'Nb', 'Nd', 'Ni', 'P', 'Pb', 'Pd', 'Pr', 'Pt', 'Rb', 'S', 'Sb', 'Sc', 'Se', 'Sm', 'Sn', 'Sr', 'Ta', 'Tb', 'Te', 'Th', 'Ti', 'Tl', 'Tm', 'U', 'V', 'W', 'Y', 'Yb', 'Zn', 'Zr']
2025-10-02 12:58:19,461 - DEBUG - Valid CRM IDs: ['233', '252', '255', '258', '263', '506', '906']
2025-10-02 12:58:19,461 - DEBUG - Updating filters: {'device': 'Devices', 'element': 'Elements', 'crm': 'CRM IDs', 'from_date': None, 'to_date': None}
2025-10-02 12:58:19,497 - DEBUG - Applying filters: {'device': 'Devices', 'element': 'Elements', 'crm': 'CRM IDs', 'from_date': None, 'to_date': None}
2025-10-02 12:58:19,789 - DEBUG - Filtered data: 0 records
2025-10-02 12:58:19,789 - INFO - Filtered 0 records
2025-10-02 12:58:25,109 - DEBUG - Filter changed, updating filters
2025-10-02 12:58:25,109 - DEBUG - Updating filters: {'device': '1404 mass', 'element': 'Elements', 'crm': 'CRM IDs', 'from_date': None, 'to_date': None}
2025-10-02 12:58:25,109 - DEBUG - Applying filters: {'device': '1404 mass', 'element': 'Elements', 'crm': 'CRM IDs', 'from_date': None, 'to_date': None}
2025-10-02 12:58:25,182 - DEBUG - Filtered data: 0 records
2025-10-02 12:58:25,182 - INFO - Filtered 0 records
2025-10-02 12:58:27,713 - DEBUG - Filter changed, updating filters
2025-10-02 12:58:27,713 - DEBUG - Updating filters: {'device': '1404 mass', 'element': 'Ag', 'crm': 'CRM IDs', 'from_date': None, 'to_date': None}
2025-10-02 12:58:27,730 - DEBUG - Applying filters: {'device': '1404 mass', 'element': 'Ag', 'crm': 'CRM IDs', 'from_date': None, 'to_date': None}
2025-10-02 12:58:27,800 - DEBUG - Filtered data: 0 records
2025-10-02 12:58:27,800 - INFO - Filtered 0 records
2025-10-02 12:58:30,040 - DEBUG - Filter changed, updating filters
2025-10-02 12:58:30,040 - DEBUG - Updating filters: {'device': '1404 mass', 'element': 'Ag', 'crm': '252', 'from_date': None, 'to_date': None}
2025-10-02 12:58:30,055 - DEBUG - Applying filters: {'device': '1404 mass', 'element': 'Ag', 'crm': '252', 'from_date': None, 'to_date': None}
2025-10-02 12:58:30,119 - DEBUG - Filtered data: 71 records
2025-10-02 12:58:30,171 - INFO - Filtered 71 records
2025-10-02 12:58:33,621 - DEBUG - Connecting to database: crm_data.db
2025-10-02 12:58:33,621 - DEBUG - Available tables in crm_data.db: ['pivot_crm', 'our_oreas', 'sqlite_sequence']
2025-10-02 12:58:33,621 - DEBUG - Querying table pivot_crm for CRM 252, Element Ag
2025-10-02 12:58:33,631 - DEBUG - Columns in pivot_crm: ['CRM ID', 'Ag', 'Al', 'Al2O3', 'As', 'Au', 'B', 'Ba', 'BaO', 'Be', 'BeO', 'Bi', 'C', 'C-(Carbonate)', 'C-(Graphite)', 'Ca', 'CaO', 'Cd', 'Ce', 'CeO2', 'Cl', 'Co', 'Cr', 'Cr2O3', 'Cs', 'Cu', 'Cu-Res(4A)', 'Cu-Sol(CN)', 'Cu-Sol(H2SO4)', 'Cu-Tot(Calc)', 'Dy', 'Dy2O3', 'Er', 'Er2O3', 'Eu', 'Eu2O3', 'F', 'Fe', 'Fe(Calc)', 'Fe2+', 'Fe2O3', 'Fe3+', 'Fe3O4', 'FeO', 'Ga', 'Ga2O3', 'Gd', 'Gd2O3', 'Ge', 'H2O-', 'Hf', 'HfO2', 'Hg', 'Ho', 'Ho2O3', 'In', 'Ir', 'K', 'K2O', 'LOI1000', 'LOI300-1000', 'LOI371', 'LOI425', 'LOI650', 'La', 'La2O3', 'Li', 'Li2O', 'Lu', 'Lu2O3', 'MOI300', 'MassRec', 'Mg', 'MgO', 'Mn', 'MnO', 'Mo', 'Na', 'Na2O', 'Nb', 'Nb2O5', 'Nd', 'Nd2O3', 'Ni', 'NiO', 'Os', 'P', 'P2O5', 'Pb', 'PbO', 'Pd', 'Pr', 'Pr6O11', 'Pt', 'Rb', 'Re', 'Rh', 'Ru', 'S', 'S-(Sulphate)', 'S-(Sulphide)', 'SG', 'SO3', 'Sb', 'Sc', 'Se', 'Si', 'SiO2', 'Sm', 'Sm2O3', 'Sn', 'SnO2', 'Sr', 'SrO', 'Ta', 'Ta2O5', 'Tb', 'Tb4O7', 'Te', 'Th', 'ThO2', 'Ti', 'TiO2', 'Tl', 'Tm', 'Tm2O3', 'U', 'U3O8', 'V', 'V2O5', 'W', 'WO3', 'Y', 'Y2O3', 'Yb', 'Yb2O3', 'Zn', 'ZnO', 'Zr', 'ZrO2', 'Analysis Method']
2025-10-02 12:58:33,632 - DEBUG - Base element (without wavelength): Ag
2025-10-02 12:58:33,636 - DEBUG - Query result for CRM ID LIKE '%252%' in pivot_crm: [('OREAS 252', 0.185007, 13237.8, None, 16.1633, 0.6742, 9.9, 68.5325, None, 0.615486, None, 0.111381, None, None, None, 8430.6, None, 0.186108, 39.175, None, None, 32.1081, 59.1774, None, 0.80868, 49.4283, None, None, None, None, 2.76373, None, 1.2716, None, 0.738379, None, None, 49684.0, None, None, None, None, None, None, 4.19468, None, 3.51437, None, None, None, 0.803611, None, None, 0.458068, None, 0.0268278, None, 1197.49, None, None, None, None, None, None, 17.5056, None, 7.39238, None, 0.128328, None, None, None, 16618.5, None, 545.579, None, 1.07882, 1711.57, None, 0.495, None, 16.9965, None, 117.024, None, None, 941.828, None, 11.8357, None, None, 4.38049, None, None, 11.7513, None, None, None, 185.317, None, None, None, None, 0.515313, 5.24817, 0.99, None, None, 3.77511, None, 0.678516, None, 61.8741, None, 0.0495, None, 0.500747, None, 0.0495, 3.26415, None, 1623.5, None, 0.0695106, 0.150564, None, 0.605369, None, 42.5328, None, 0.495, None, 11.8005, None, 0.956684, None, 90.8943, None, 49.5, None, 'Pb Fire Assay'), ('OREAS 252b', 0.26363, 77024.4, None, 201.769, 0.837195, 9.9, 633.618, None, 2.94782, None, 3.63387, None, None, None, 14568.8, None, 0.0503, 93.2801, None, None, 26.1883, 145.254, None, 6.67148, 37.797, None, None, None, None, 4.87417, None, 2.33419, None, 1.97537, None, None, 51347.0, None, None, None, None, None, None, 21.5386, None, 6.59002, None, 0.198583, None, 5.34424, None, None, 0.869455, None, 0.0769223, None, 22479.4, None, None, None, None, None, None, 48.6583, None, 26.4882, None, 0.290178, None, None, None, 13582.5, None, 465.544, None, 2.15906, 10155.7, None, 29.3345, None, 42.5346, None, 100.633, None, None, 984.932, None, 16.9597, None, None, 11.0888, None, None, 114.828, 0.00198, None, None, 151.473, None, None, None, None, 9.64002, 16.3983, None, None, None, 8.16665, None, 5.88622, None, 272.491, None, 1.928, None, 0.924572, None, 0.101979, 13.5244, None, 6172.86, None, 0.577841, 0.32457, None, 2.78877, None, 108.372, None, 36.3559, None, 21.8816, None, 2.04842, None, 109.842, None, 213.807, None, 'Pb Fire Assay'), ('OREAS 252c', 0.203111, 50341.7, None, 15.023, 0.8197, 9.9, 338.871, None, 1.86447, None, 0.339143, None, None, None, 14909.4, None, 0.065965, 68.2416, None, None, 19.0946, 102.079, None, 2.64717, 26.7668, None, None, None, None, 3.40155, None, 1.5226, None, 1.45365, None, None, 38602.8, None, None, None, None, None, None, 14.6873, None, 4.87938, None, 0.0953333, None, 4.17098, None, None, 0.604146, None, 0.0570949, None, 12783.9, None, None, None, None, None, None, 36.9827, None, 24.0237, None, 0.171485, None, None, None, 14366.5, None, 443.505, None, 2.27183, 9287.34, None, 29.2092, None, 31.1985, None, 79.8831, None, None, 849.55, None, 10.3653, None, None, 8.27992, None, None, 65.4152, 0.00198, None, None, 109.32, None, None, None, None, 0.859031, 9.78356, None, None, None, 5.96513, None, 3.89001, None, 273.339, None, 1.92319, None, 0.665961, None, None, 8.79847, None, 5232.89, None, 0.363893, 0.194226, None, 1.53464, None, 67.9392, None, 2.59409, None, 15.0906, None, 1.24851, None, 70.9174, None, 179.273, None, 'Pb Fire Assay')]
2025-10-02 12:58:33,643 - DEBUG - Checking label: OREAS 252 against CRM ID: 252
2025-10-02 12:58:33,643 - DEBUG - Verification value for CRM 252, Element Ag: 0.185007
2025-10-02 12:58:33,705 - DEBUG - Indices length: 51, Values length: 51
2025-10-02 12:58:33,728 - DEBUG - Plotted data for CRM ID 252, 51 points
2025-10-02 12:58:33,728 - DEBUG - Retrieved verification value from cache for 252_Ag: 0.185007
2025-10-02 12:58:33,729 - DEBUG - Verification value for CRM 252, Element Ag: 0.185007
2025-10-02 12:58:33,749 - INFO - Plotted verification lines for CRM 252, Element Ag with 10.0% range
2025-10-02 12:58:33,807 - INFO - Plotted 51 records
